2025-06-22 17:55:06.357 - INFO - 3066 - azureml.train.automl._experiment_drivers.driver_utilities.modify_run_configuration:243 - Package azureml-train-automl missing from dependencies file.
2025-06-22 17:55:06.360 - INFO - 3066 - azureml.train.automl._experiment_drivers.driver_utilities.modify_run_configuration:249 - Using pinned version: azureml-train-automl==1.60.0.*
2025-06-22 17:55:06.362 - INFO - 3066 - azureml.train.automl._experiment_drivers.driver_utilities.modify_run_configuration:243 - Package azureml-defaults missing from dependencies file.
2025-06-22 17:55:06.362 - INFO - 3066 - azureml.train.automl._experiment_drivers.driver_utilities.modify_run_configuration:249 - Using pinned version: azureml-defaults==1.60.0.*
2025-06-22 17:55:06.363 - INFO - 3066 - azureml.train.automl._experiment_drivers.driver_utilities.modify_run_configuration:243 - Package pandas missing from dependencies file.
2025-06-22 17:55:06.363 - INFO - 3066 - azureml.train.automl._experiment_drivers.driver_utilities.modify_run_configuration:249 - Using pinned version: pandas==1.3.5
2025-06-22 17:55:06.363 - INFO - 3066 - azureml.train.automl._experiment_drivers.driver_utilities.modify_run_configuration:243 - Package psutil missing from dependencies file.
2025-06-22 17:55:06.368 - INFO - 3066 - azureml.train.automl._experiment_drivers.driver_utilities.modify_run_configuration:249 - Using pinned version: psutil>5.0.0,<6.0.0
2025-06-22 17:55:06.368 - INFO - 3066 - azureml.train.automl._experiment_drivers.driver_utilities.modify_run_configuration:243 - Package scikit-learn missing from dependencies file.
2025-06-22 17:55:06.368 - INFO - 3066 - azureml.train.automl._experiment_drivers.driver_utilities.modify_run_configuration:249 - Using pinned version: scikit-learn==1.5.1
2025-06-22 17:55:06.369 - INFO - 3066 - azureml.train.automl._experiment_drivers.driver_utilities.modify_run_configuration:243 - Package numpy missing from dependencies file.
2025-06-22 17:55:06.369 - INFO - 3066 - azureml.train.automl._experiment_drivers.driver_utilities.modify_run_configuration:249 - Using pinned version: numpy==1.23.5
2025-06-22 17:55:06.369 - INFO - 3066 - azureml.train.automl._experiment_drivers.driver_utilities.modify_run_configuration:243 - Package xgboost missing from dependencies file.
2025-06-22 17:55:06.370 - INFO - 3066 - azureml.train.automl._experiment_drivers.driver_utilities.modify_run_configuration:249 - Using pinned version: xgboost==1.5.2
2025-06-22 17:55:06.374 - INFO - 3066 - azureml.train.automl._experiment_drivers.driver_utilities.modify_run_configuration:243 - Package inference-schema missing from dependencies file.
2025-06-22 17:55:06.374 - INFO - 3066 - azureml.train.automl._experiment_drivers.driver_utilities.modify_run_configuration:253 - Using installed version: inference-schema==1.8
2025-06-22 17:55:06.375 - INFO - 3066 - azureml.train.automl._experiment_drivers.driver_utilities.modify_run_configuration:243 - Package prophet missing from dependencies file.
2025-06-22 17:55:06.375 - INFO - 3066 - azureml.train.automl._experiment_drivers.driver_utilities.modify_run_configuration:249 - Using pinned version: prophet==1.1.4
2025-06-22 17:55:06.375 - INFO - 3066 - azureml.train.automl._experiment_drivers.driver_utilities.modify_run_configuration:243 - Package holidays missing from dependencies file.
2025-06-22 17:55:06.376 - INFO - 3066 - azureml.train.automl._experiment_drivers.driver_utilities.modify_run_configuration:249 - Using pinned version: holidays==0.29
2025-06-22 17:55:06.380 - INFO - 3066 - azureml.train.automl._experiment_drivers.driver_utilities.modify_run_configuration:243 - Package joblib missing from dependencies file.
2025-06-22 17:55:06.380 - INFO - 3066 - azureml.train.automl._experiment_drivers.driver_utilities.modify_run_configuration:249 - Using pinned version: joblib==1.2.0
2025-06-22 17:55:06.380 - INFO - 3066 - azureml.train.automl._experiment_drivers.driver_utilities.modify_run_configuration:243 - Package setuptools-git missing from dependencies file.
2025-06-22 17:55:06.381 - INFO - 3066 - azureml.train.automl._experiment_drivers.driver_utilities.modify_run_configuration:253 - Using installed version: setuptools-git==1.2
2025-06-22 17:55:06.381 - INFO - 3066 - azureml.train.automl._experiment_drivers.driver_utilities.modify_run_configuration:243 - Package urllib3 missing from dependencies file.
2025-06-22 17:55:06.381 - INFO - 3066 - azureml.train.automl._experiment_drivers.driver_utilities.modify_run_configuration:253 - Using installed version: urllib3==1.26.20
2025-06-22 17:55:06.386 - INFO - 3066 - azureml.train.automl._experiment_drivers.driver_utilities.modify_run_configuration:243 - Package azure-core missing from dependencies file.
2025-06-22 17:55:06.386 - INFO - 3066 - azureml.train.automl._experiment_drivers.driver_utilities.modify_run_configuration:253 - Using installed version: azure-core==1.33.0
2025-06-22 17:55:06.386 - INFO - 3066 - azureml.train.automl._experiment_drivers.driver_utilities.modify_run_configuration:243 - Package boto3 missing from dependencies file.
2025-06-22 17:55:06.386 - INFO - 3066 - azureml.train.automl._experiment_drivers.driver_utilities.modify_run_configuration:249 - Using pinned version: boto3==1.20.19
2025-06-22 17:55:06.387 - INFO - 3066 - azureml.train.automl._experiment_drivers.driver_utilities.modify_run_configuration:243 - Package botocore missing from dependencies file.
2025-06-22 17:55:06.387 - INFO - 3066 - azureml.train.automl._experiment_drivers.driver_utilities.modify_run_configuration:249 - Using pinned version: botocore==1.23.19
2025-06-22 17:55:06.389 - INFO - 3066 - azureml.automl.core.dataset_utilities._save_datasets_to_json:256 - JSON serialization of input of type <class 'NoneType'> is un-supported.
2025-06-22 17:55:06.389 - INFO - 3066 - azureml.automl.core.dataset_utilities._save_datasets_to_json:256 - JSON serialization of input of type <class 'NoneType'> is un-supported.
2025-06-22 17:55:07.093 - INFO - 3066 - azureml.train.automl._experiment_drivers.driver_utilities.validate_input:124 - Start data validation.
2025-06-22 17:55:08.834 - INFO - 3066 - azureml.train.automl._experiment_drivers.driver_utilities.validate_input:137 - Validation service found the data has no errors.
2025-06-22 17:55:08.835 - INFO - 3066 - azureml.train.automl._experiment_drivers.driver_utilities.create_remote_parent_run:381 - Start creating parent run.
2025-06-22 17:55:09.195 - INFO - 3066 - azureml.train.automl._experiment_drivers.driver_utilities.create_remote_parent_run:401 - [ParentRunID:AutoML_ab84b96b-97cf-4bf0-9ca5-0a7111a78b78] Remote run using input X and y.
2025-06-22 17:55:09.557 - INFO - 3066 - azureml.train.automl._experiment_drivers.driver_utilities.start_remote_run:336 - Starting a snapshot run (snapshot_id : None)
